<?xml version="1.0" encoding="UTF-8"?>
<!-- Generated by org.testng.reporters.JUnitReportReporter -->
<testsuite hostname="EERO" failures="0" tests="14" name="Eero_Testcases.TestValidation" time="326.919" errors="0" timestamp="2024-03-27T16:34:52 IST" skipped="13">
  <testcase classname="Eero_Testcases.TestValidation" name="mirrorError_Vlan" time="326.919"/>
  <system-out/>
  <testcase classname="Eero_Testcases.TestValidation" name="softReset_PPPOE">
    <skipped/>
  </testcase> <!-- softReset_PPPOE -->
  <system-out/>
  <testcase classname="Eero_Testcases.TestValidation" name="hardReset_Vlan">
    <skipped/>
  </testcase> <!-- hardReset_Vlan -->
  <system-out/>
  <testcase classname="Eero_Testcases.TestValidation" name="hardReset_PPPOE">
    <skipped/>
  </testcase> <!-- hardReset_PPPOE -->
  <system-out/>
  <testcase classname="Eero_Testcases.TestValidation" name="StaticIpSetupOnGateway">
    <skipped/>
  </testcase> <!-- StaticIpSetupOnGateway -->
  <system-out/>
  <testcase classname="Eero_Testcases.TestValidation" name="basicSetupOnLeaf">
    <skipped/>
  </testcase> <!-- basicSetupOnLeaf -->
  <system-out/>
  <testcase classname="Eero_Testcases.TestValidation" name="softReset_Static">
    <skipped/>
  </testcase> <!-- softReset_Static -->
  <system-out/>
  <testcase classname="Eero_Testcases.TestValidation" name="StaticIpSetupOnLeafnode">
    <skipped/>
  </testcase> <!-- StaticIpSetupOnLeafnode -->
  <system-out/>
  <testcase classname="Eero_Testcases.TestValidation" name="pppoeSetupOnGateway">
    <skipped/>
  </testcase> <!-- pppoeSetupOnGateway -->
  <system-out/>
  <testcase classname="Eero_Testcases.TestValidation" name="pppoeLeafnodeSetup">
    <skipped/>
  </testcase> <!-- pppoeLeafnodeSetup -->
  <system-out/>
  <testcase classname="Eero_Testcases.TestValidation" name="credentialChange_PPPOE">
    <skipped/>
  </testcase> <!-- credentialChange_PPPOE -->
  <system-out/>
  <testcase classname="Eero_Testcases.TestValidation" name="softReset_Vlan">
    <skipped/>
  </testcase> <!-- softReset_Vlan -->
  <system-out/>
  <testcase classname="Eero_Testcases.TestValidation" name="vlanSetupOnGateway">
    <skipped/>
  </testcase> <!-- vlanSetupOnGateway -->
  <system-out/>
  <testcase classname="Eero_Testcases.TestValidation" name="hardReset_Static">
    <skipped/>
  </testcase> <!-- hardReset_Static -->
  <system-out/>
</testsuite> <!-- Eero_Testcases.TestValidation -->
